0 info it worked if it ends with ok
1 verbose cli [ 'C:\\Program Files\\nodejs\\node.exe',
1 verbose cli   'C:\\Program Files\\nodejs\\node_modules\\npm\\bin\\npm-cli.js',
1 verbose cli   'start' ]
2 info using npm@3.10.10
3 info using node@v6.9.5
4 verbose run-script [ 'prestart', 'start', 'poststart' ]
5 info lifecycle react-material@1.3.0~prestart: react-material@1.3.0
6 silly lifecycle react-material@1.3.0~prestart: no script for prestart, continuing
7 info lifecycle react-material@1.3.0~start: react-material@1.3.0
8 verbose lifecycle react-material@1.3.0~start: unsafe-perm in lifecycle true
9 verbose lifecycle react-material@1.3.0~start: PATH: C:\Users\ms-dev8\AppData\Roaming\nvm\v6.9.5\node_modules\npm\bin\node-gyp-bin;D:\TFS\UGPS\UGPS.Admin\node_modules\.bin;C:\WINDOWS\system32;C:\WINDOWS;C:\WINDOWS\System32\Wbem;C:\WINDOWS\System32\WindowsPowerShell\v1.0\;C:\Program Files\dotnet\;C:\Program Files\Microsoft SQL Server\130\Tools\Binn\;C:\Program Files (x86)\Microsoft SQL Server\Client SDK\ODBC\130\Tools\Binn\;C:\Program Files (x86)\Microsoft SQL Server\140\Tools\Binn\;C:\Program Files (x86)\Microsoft SQL Server\140\DTS\Binn\;C:\Program Files (x86)\Microsoft SQL Server\140\Tools\Binn\ManagementStudio\;C:\Program Files\Microsoft SQL Server\Client SDK\ODBC\110\Tools\Binn\;C:\Program Files (x86)\Microsoft SQL Server\120\Tools\Binn\;C:\Program Files\Microsoft SQL Server\120\Tools\Binn\;C:\Program Files\Microsoft SQL Server\120\DTS\Binn\;C:\Program Files (x86)\Microsoft SQL Server\120\Tools\Binn\ManagementStudio\;C:\Program Files (x86)\Microsoft SQL Server\120\DTS\Binn\;C:\WINDOWS\System32\OpenSSH\;C:\Program Files\Microsoft\Web Platform Installer\;C:\Program Files (x86)\Git\cmd;C:\Users\ms-dev8\AppData\Roaming\nvm;C:\Program Files\nodejs;C:\Users\ms-dev8\AppData\Local\Microsoft\WindowsApps;C:\Users\ms-dev8\AppData\Local\Programs\Fiddler;C:\Users\ms-dev8\AppData\Roaming\npm;C:\Program Files\Microsoft VS Code\bin;C:\Program Files\MongoDB\Server\3.6\bin;C:\Users\ms-dev8\AppData\Local\Microsoft\WindowsApps;C:\Users\ms-dev8\AppData\Roaming\nvm;C:\Program Files\nodejs
10 verbose lifecycle react-material@1.3.0~start: CWD: D:\TFS\UGPS\UGPS.Admin
11 silly lifecycle react-material@1.3.0~start: Args: [ '/d /s /c', 'webpack-dev-server --open' ]
12 silly lifecycle react-material@1.3.0~start: Returned: code: 3221225786  signal: null
13 info lifecycle react-material@1.3.0~start: Failed to exec start script
14 verbose stack Error: react-material@1.3.0 start: `webpack-dev-server --open`
14 verbose stack Exit status 3221225786
14 verbose stack     at EventEmitter.<anonymous> (C:\Users\ms-dev8\AppData\Roaming\nvm\v6.9.5\node_modules\npm\lib\utils\lifecycle.js:255:16)
14 verbose stack     at emitTwo (events.js:106:13)
14 verbose stack     at EventEmitter.emit (events.js:191:7)
14 verbose stack     at ChildProcess.<anonymous> (C:\Users\ms-dev8\AppData\Roaming\nvm\v6.9.5\node_modules\npm\lib\utils\spawn.js:40:14)
14 verbose stack     at emitTwo (events.js:106:13)
14 verbose stack     at ChildProcess.emit (events.js:191:7)
14 verbose stack     at maybeClose (internal/child_process.js:877:16)
14 verbose stack     at Process.ChildProcess._handle.onexit (internal/child_process.js:226:5)
15 verbose pkgid react-material@1.3.0
16 verbose cwd D:\TFS\UGPS\UGPS.Admin
17 error Windows_NT 10.0.17134
18 error argv "C:\\Program Files\\nodejs\\node.exe" "C:\\Program Files\\nodejs\\node_modules\\npm\\bin\\npm-cli.js" "start"
19 error node v6.9.5
20 error npm  v3.10.10
21 error code ELIFECYCLE
22 error react-material@1.3.0 start: `webpack-dev-server --open`
22 error Exit status 3221225786
23 error Failed at the react-material@1.3.0 start script 'webpack-dev-server --open'.
23 error Make sure you have the latest version of node.js and npm installed.
23 error If you do, this is most likely a problem with the react-material package,
23 error not with npm itself.
23 error Tell the author that this fails on your system:
23 error     webpack-dev-server --open
23 error You can get information on how to open an issue for this project with:
23 error     npm bugs react-material
23 error Or if that isn't available, you can get their info via:
23 error     npm owner ls react-material
23 error There is likely additional logging output above.
24 verbose exit [ 1, true ]
